<?xml version="1.0" encoding="UTF-8"?>
<!-- Generated by org.testng.reporters.JUnitXMLReporter -->
<testsuite ignored="0" hostname="DESKTOP-UBPOGJ6" failures="0" tests="4" name="Default test" time="14.812" errors="0" timestamp="2020-09-08T01:17:59 IST">
  <testcase classname="com.clarion.Clariontest.TestClarion" name="testLoginFailureWhenUserDoesntProvideCredentials" time="0.541"/>
  <testcase classname="com.clarion.Clariontest.TestClarion" name="testLoginSuccessWhenUserProvidesCorrectUserCredentials" time="1.308"/>
  <testcase classname="com.clarion.Clariontest.TestClarion" name="testUserCanLogPromise" time="2.503"/>
  <testcase classname="com.clarion.Clariontest.TestClarion" name="verifyThatUserhasLogPromise" time="1.27"/>
</testsuite> <!-- Default test -->
