<?xml version="1.0" encoding="UTF-8"?>
<!-- Generated by org.testng.reporters.JUnitXMLReporter -->
<testsuite ignored="0" hostname="DESKTOP-UBPOGJ6" failures="0" tests="4" name="Test" time="14.11" errors="0" timestamp="2020-09-08T01:21:16 IST">
  <testcase classname="com.clarion.Clariontest.TestClarion" name="testLoginFailureWhenUserDoesntProvideCredentials" time="0.58"/>
  <testcase classname="com.clarion.Clariontest.TestClarion" name="testLoginSuccessWhenUserProvidesCorrectUserCredentials" time="1.119"/>
  <testcase classname="com.clarion.Clariontest.TestClarion" name="testUserCanLogPromise" time="2.193"/>
  <testcase classname="com.clarion.Clariontest.TestClarion" name="verifyThatUserhasLogPromise" time="1.596"/>
</testsuite> <!-- Test -->
