<?xml version="1.0" encoding="UTF-8"?>
<testng-results ignored="0" total="4" passed="4" failed="0" skipped="0">
  <reporter-output>
  </reporter-output>
  <suite started-at="2020-09-08T01:21:02 IST" name="Suite" finished-at="2020-09-08T01:21:16 IST" duration-ms="14110">
    <groups>
    </groups>
    <test started-at="2020-09-08T01:21:02 IST" name="Test" finished-at="2020-09-08T01:21:16 IST" duration-ms="14110">
      <class name="com.clarion.Clariontest.TestClarion">
        <test-method is-config="true" signature="beforeTest()[pri:0, instance:com.clarion.Clariontest.TestClarion@78e94dcf]" started-at="2020-09-08T01:21:02 IST" name="beforeTest" finished-at="2020-09-08T01:21:10 IST" duration-ms="8293" status="PASS">
          <reporter-output>
          </reporter-output>
        </test-method> <!-- beforeTest -->
        <test-method signature="testLoginFailureWhenUserDoesntProvideCredentials()[pri:0, instance:com.clarion.Clariontest.TestClarion@78e94dcf]" started-at="2020-09-08T01:21:10 IST" name="testLoginFailureWhenUserDoesntProvideCredentials" finished-at="2020-09-08T01:21:11 IST" duration-ms="580" status="PASS">
          <reporter-output>
          </reporter-output>
        </test-method> <!-- testLoginFailureWhenUserDoesntProvideCredentials -->
        <test-method signature="testLoginSuccessWhenUserProvidesCorrectUserCredentials()[pri:1, instance:com.clarion.Clariontest.TestClarion@78e94dcf]" started-at="2020-09-08T01:21:11 IST" name="testLoginSuccessWhenUserProvidesCorrectUserCredentials" finished-at="2020-09-08T01:21:12 IST" duration-ms="1119" status="PASS">
          <reporter-output>
          </reporter-output>
        </test-method> <!-- testLoginSuccessWhenUserProvidesCorrectUserCredentials -->
        <test-method signature="testUserCanLogPromise()[pri:3, instance:com.clarion.Clariontest.TestClarion@78e94dcf]" started-at="2020-09-08T01:21:12 IST" name="testUserCanLogPromise" finished-at="2020-09-08T01:21:14 IST" duration-ms="2193" status="PASS">
          <reporter-output>
          </reporter-output>
        </test-method> <!-- testUserCanLogPromise -->
        <test-method signature="verifyThatUserhasLogPromise()[pri:4, instance:com.clarion.Clariontest.TestClarion@78e94dcf]" started-at="2020-09-08T01:21:14 IST" name="verifyThatUserhasLogPromise" finished-at="2020-09-08T01:21:16 IST" duration-ms="1596" status="PASS">
          <reporter-output>
          </reporter-output>
        </test-method> <!-- verifyThatUserhasLogPromise -->
        <test-method is-config="true" signature="afterTest()[pri:0, instance:com.clarion.Clariontest.TestClarion@78e94dcf]" started-at="2020-09-08T01:21:16 IST" name="afterTest" finished-at="2020-09-08T01:21:16 IST" duration-ms="253" status="PASS">
          <reporter-output>
          </reporter-output>
        </test-method> <!-- afterTest -->
      </class> <!-- com.clarion.Clariontest.TestClarion -->
    </test> <!-- Test -->
  </suite> <!-- Suite -->
</testng-results>
